<?xml version="1.0" encoding="UTF-8"?>
<!-- Generated by org.testng.reporters.JUnitXMLReporter -->
<testsuite hostname="kavin" ignored="0" name="Default test" tests="4" failures="0" timestamp="16 May 2022 21:48:28 GMT" time="22.178" errors="0">
  <testcase name="login" time="2.6" classname="com.Vcentry.Lab.TestCases.LoginTest"/>
  <testcase name="login" time="2.004" classname="com.Vcentry.Lab.TestCases.LoginTest"/>
  <testcase name="login" time="0.294" classname="com.Vcentry.Lab.TestCases.LoginTest"/>
  <testcase name="login" time="5.161" classname="com.Vcentry.Lab.TestCases.LoginTest"/>
</testsuite> <!-- Default test -->
